<?xml version="1.0" encoding="UTF-8"?>
<!-- Generated by org.testng.reporters.JUnitReportReporter -->
<testsuite hostname="DESKTOP-M7324BQ" failures="0" tests="1" name="Scipts.Test0" time="0.001" errors="0" timestamp="2024-03-08T19:12:57 IST" skipped="0">
  <testcase classname="Scipts.Test0" name="tc1" time="0.001"/>
  <system-out>
    <![CDATA[hello java]]>
  </system-out>
</testsuite> <!-- Scipts.Test0 -->
