<?xml version="1.0" encoding="UTF-8"?>
<!-- Generated by org.testng.reporters.JUnitReportReporter -->
<testsuite hostname="DESKTOP-M7324BQ" failures="0" tests="1" name="Scipts.Test3" time="0.024" errors="0" timestamp="2024-03-08T19:12:57 IST" skipped="0">
  <testcase classname="Scipts.Test3" name="tc1" time="0.024"/>
  <system-out>
    <![CDATA[hello API]]>
  </system-out>
</testsuite> <!-- Scipts.Test3 -->
